<?xml version="1.0" encoding="UTF-8"?>
<testng-results skipped="0" failed="0" ignored="0" total="1" passed="1">
  <reporter-output>
  </reporter-output>
  <suite name="Surefire suite" duration-ms="20" started-at="2019-10-01T13:28:28Z" finished-at="2019-10-01T13:28:28Z">
    <groups>
    </groups>
    <test name="Surefire test" duration-ms="20" started-at="2019-10-01T13:28:28Z" finished-at="2019-10-01T13:28:28Z">
      <class name="surefire_use.Maven_Eg.AppTest">
        <test-method status="PASS" signature="testApp()[pri:0, instance:testApp(surefire_use.Maven_Eg.AppTest)]" name="testApp" duration-ms="2" started-at="2019-10-01T13:28:28Z" finished-at="2019-10-01T13:28:28Z">
          <reporter-output>
          </reporter-output>
        </test-method> <!-- testApp -->
      </class> <!-- surefire_use.Maven_Eg.AppTest -->
    </test> <!-- Surefire test -->
  </suite> <!-- Surefire suite -->
</testng-results>
